<?xml version="1.0" encoding="UTF-8"?>
<!-- Generated by org.testng.reporters.JUnitReportReporter -->
<testsuite hostname="DESKTOP-U55HU50" failures="0" tests="2" name="com.simpleanotation.Simple_Annotation" time="0.016" errors="0" timestamp="2024-01-05T00:27:18 IST" skipped="0">
  <testcase classname="com.simpleanotation.Simple_Annotation" name="After" time="0.015"/>
  <system-out/>
  <testcase classname="com.simpleanotation.Simple_Annotation" name="Before" time="0.001"/>
  <system-out/>
</testsuite> <!-- com.simpleanotation.Simple_Annotation -->
