<?xml version="1.0" encoding="UTF-8"?>
<!-- Generated by org.testng.reporters.JUnitReportReporter -->
<testsuite hostname="DESKTOP-U55HU50" failures="0" tests="2" name="com.simpleanotation.Simpleanotation_Practice2" time="0.039" errors="0" timestamp="2024-01-18T18:11:19 IST" skipped="0">
  <testcase classname="com.simpleanotation.Simpleanotation_Practice2" name="child" time="0.019"/>
  <system-out/>
  <testcase classname="com.simpleanotation.Simpleanotation_Practice2" name="brother1" time="0.020"/>
  <system-out/>
</testsuite> <!-- com.simpleanotation.Simpleanotation_Practice2 -->
